Using backend: pytorch
Using backend: pytorch
Using backend: pytorch
Using backend: pytorch

load graph
load graph
load graph
load graph
load train_test
load train_test
load train_test
load train_test

--------------------start training------------------------
using time 342.1558, training loss at epoch 0: 151.7991
using time 340.8828, training loss at epoch 1: 151.7892
using time 340.4348, training loss at epoch 2: 150.2089
using time 338.7463, training loss at epoch 3: 142.9126
+-------+--------------------+--------------------+--------------------+------------------------------------+------------------------------------+------------------------------------+------------------------------------+
| Epoch |   training time    |    tesing time     |        Loss        |               recall               |                ndcg                |             precision              |             hit_ratio              |
+-------+--------------------+--------------------+--------------------+------------------------------------+------------------------------------+------------------------------------+------------------------------------+
|   4   | 324.76869463920593 | 1216.3501980304718 | 134.92474162578583 | [0.0516115  0.03678102 0.07797062] | [0.02218128 0.01884579 0.02704025] | [0.00174197 0.00295229 0.00138479] | [0.08028478 0.05650409 0.12084636] |
+-------+--------------------+--------------------+--------------------+------------------------------------+------------------------------------+------------------------------------+------------------------------------+
using time 334.5193, training loss at epoch 5: 129.5606
using time 334.6789, training loss at epoch 6: 126.3398
using time 333.7297, training loss at epoch 7: 123.7925
using time 332.3877, training loss at epoch 8: 121.8616
+-------+--------------------+-------------------+--------------------+------------------------------------+------------------------------------+------------------------------------+------------------------------------+
| Epoch |   training time    |    tesing time    |        Loss        |               recall               |                ndcg                |             precision              |             hit_ratio              |
+-------+--------------------+-------------------+--------------------+------------------------------------+------------------------------------+------------------------------------+------------------------------------+
|   9   | 330.80931973457336 | 1190.374887228012 | 120.26023864746094 | [0.05374358 0.03539159 0.09109963] | [0.02315975 0.01903433 0.02993098] | [0.00181516 0.00280924 0.00158467] | [0.08406414 0.0538958  0.13855879] |
+-------+--------------------+-------------------+--------------------+------------------------------------+------------------------------------+------------------------------------+------------------------------------+
using time 338.3570, training loss at epoch 10: 118.8286
using time 336.3913, training loss at epoch 11: 117.7652
using time 334.5076, training loss at epoch 12: 116.5720
using time 333.3132, training loss at epoch 13: 115.5295
+-------+--------------------+------------------+--------------------+------------------------------------+------------------------------------+------------------------------------+------------------------------------+
| Epoch |   training time    |   tesing time    |        Loss        |               recall               |                ndcg                |             precision              |             hit_ratio              |
+-------+--------------------+------------------+--------------------+------------------------------------+------------------------------------+------------------------------------+------------------------------------+
|   14  | 334.33802223205566 | 967.380535364151 | 114.88324987888336 | [0.05613247 0.03503579 0.0920636 ] | [0.02412714 0.01943387 0.03073391] | [0.00189367 0.00280192 0.0016057 ] | [0.08732451 0.0537228  0.14071462] |
+-------+--------------------+------------------+--------------------+------------------------------------+------------------------------------+------------------------------------+------------------------------------+
using time 257.0396, training loss at epoch 15: 113.9522
using time 256.0522, training loss at epoch 16: 113.1229
using time 253.8323, training loss at epoch 17: 112.5676
using time 252.5984, training loss at epoch 18: 111.7253
+-------+-------------------+-------------------+-------------------+------------------------------------+------------------------------------+------------------------------------+------------------------------------+
| Epoch |   training time   |    tesing time    |        Loss       |               recall               |                ndcg                |             precision              |             hit_ratio              |
+-------+-------------------+-------------------+-------------------+------------------------------------+------------------------------------+------------------------------------+------------------------------------+
|   19  | 252.6252257823944 | 858.6246104240417 | 111.0418039560318 | [0.05894903 0.03614121 0.09354648] | [0.02506554 0.0200668  0.03145647] | [0.00199268 0.00290572 0.00164828] | [0.09192894 0.05558587 0.14370883] |
+-------+-------------------+-------------------+-------------------+------------------------------------+------------------------------------+------------------------------------+------------------------------------+
using time 255.5737, training loss at epoch 20: 110.6133
using time 255.6230, training loss at epoch 21: 109.9970
using time 256.4888, training loss at epoch 22: 109.4278
using time 251.9232, training loss at epoch 23: 109.0673
+-------+--------------------+-------------------+--------------------+------------------------------------+------------------------------------+------------------------------------+------------------------------------+
| Epoch |   training time    |    tesing time    |        Loss        |               recall               |                ndcg                |             precision              |             hit_ratio              |
+-------+--------------------+-------------------+--------------------+------------------------------------+------------------------------------+------------------------------------+------------------------------------+
|   24  | 258.02921891212463 | 955.7491030693054 | 108.51485335826874 | [0.06290346 0.03653171 0.09530625] | [0.02619097 0.02053581 0.0321878 ] | [0.00209275 0.00294165 0.00167849] | [0.09674629 0.05623794 0.14643689] |
+-------+--------------------+-------------------+--------------------+------------------------------------+------------------------------------+------------------------------------+------------------------------------+
using time 257.6420, training loss at epoch 25: 107.9591
using time 257.1066, training loss at epoch 26: 107.5591
using time 247.6350, training loss at epoch 27: 107.0062
using time 246.8799, training loss at epoch 28: 106.4658
+-------+-------------------+-------------------+--------------------+------------------------------------+------------------------------------+------------------------------------+------------------------------------+
| Epoch |   training time   |    tesing time    |        Loss        |               recall               |                ndcg                |             precision              |             hit_ratio              |
+-------+-------------------+-------------------+--------------------+------------------------------------+------------------------------------+------------------------------------+------------------------------------+
|   29  | 245.4384639263153 | 903.9146099090576 | 106.16507804393768 | [0.06032021 0.03571598 0.09561225] | [0.02537599 0.02000259 0.0319014 ] | [0.00204165 0.0028964  0.00168421] | [0.09441746 0.05539956 0.14752811] |
+-------+-------------------+-------------------+--------------------+------------------------------------+------------------------------------+------------------------------------+------------------------------------+
using time 246.3579, training loss at epoch 30: 105.6318
using time 245.0107, training loss at epoch 31: 105.2042
using time 245.7056, training loss at epoch 32: 104.7318
using time 245.7260, training loss at epoch 33: 104.3354
+-------+--------------------+-------------------+--------------------+------------------------------------+------------------------------------+------------------------------------+------------------------------------+
| Epoch |   training time    |    tesing time    |        Loss        |               recall               |                ndcg                |             precision              |             hit_ratio              |
+-------+--------------------+-------------------+--------------------+------------------------------------+------------------------------------+------------------------------------+------------------------------------+
|   34  | 245.70418524742126 | 892.1169576644897 | 103.87698781490326 | [0.05953062 0.03410882 0.09632031] | [0.02494597 0.01932633 0.03171346] | [0.00203766 0.00275667 0.00169086] | [0.09404485 0.05291104 0.14814026] |
+-------+--------------------+-------------------+--------------------+------------------------------------+------------------------------------+------------------------------------+------------------------------------+
using time 246.5998, training loss at epoch 35: 103.4856
using time 246.2732, training loss at epoch 36: 103.1038
using time 246.4261, training loss at epoch 37: 102.6939
using time 245.0645, training loss at epoch 38: 102.3512
+-------+--------------------+------------------+--------------------+------------------------------------+------------------------------------+------------------------------------+------------------------------------+
| Epoch |   training time    |   tesing time    |        Loss        |               recall               |                ndcg                |             precision              |             hit_ratio              |
+-------+--------------------+------------------+--------------------+------------------------------------+------------------------------------+------------------------------------+------------------------------------+
|   39  | 245.06112933158875 | 921.559549331665 | 101.95809745788574 | [0.05822058 0.03326564 0.09677405] | [0.02470659 0.01919035 0.03176554] | [0.00199987 0.0026715  0.0016882 ] | [0.09232817 0.05143389 0.14826003] |
+-------+--------------------+------------------+--------------------+------------------------------------+------------------------------------+------------------------------------+------------------------------------+
using time 249.1505, training loss at epoch 40: 101.6251
using time 246.4179, training loss at epoch 41: 101.3135
using time 245.8886, training loss at epoch 42: 100.8522
using time 247.0538, training loss at epoch 43: 100.5575
+-------+--------------------+------------------+--------------------+------------------------------------+------------------------------------+------------------------------------+------------------------------------+
| Epoch |   training time    |   tesing time    |        Loss        |               recall               |                ndcg                |             precision              |             hit_ratio              |
+-------+--------------------+------------------+--------------------+------------------------------------+------------------------------------+------------------------------------+------------------------------------+
|   44  | 246.80291724205017 | 951.056821346283 | 100.16806745529175 | [0.05719217 0.03171127 0.09794949] | [0.02410118 0.01850899 0.03150005] | [0.00195169 0.00251846 0.00170164] | [0.09066471 0.04861268 0.14971056] |
+-------+--------------------+------------------+--------------------+------------------------------------+------------------------------------+------------------------------------+------------------------------------+
using time 246.6131, training loss at epoch 45: 99.7392
using time 245.9394, training loss at epoch 46: 99.4165
using time 245.7838, training loss at epoch 47: 99.0900
using time 246.8001, training loss at epoch 48: 98.7771
+-------+-------------------+-------------------+------------------+------------------------------------+------------------------------------+------------------------------------+------------------------------------+
| Epoch |   training time   |    tesing time    |       Loss       |               recall               |                ndcg                |             precision              |             hit_ratio              |
+-------+-------------------+-------------------+------------------+------------------------------------+------------------------------------+------------------------------------+------------------------------------+
|   49  | 244.8571493625641 | 927.9117181301117 | 98.3144017457962 | [0.05688152 0.03041424 0.09697075] | [0.02331726 0.01754441 0.030578  ] | [0.00192401 0.00241067 0.00167929] | [0.08973318 0.04677623 0.14806042] |
+-------+-------------------+-------------------+------------------+------------------------------------+------------------------------------+------------------------------------+------------------------------------+
using time 247.0213, training loss at epoch 50: 98.0135
using time 245.5212, training loss at epoch 51: 97.7681
using time 245.7988, training loss at epoch 52: 97.3195
using time 247.1151, training loss at epoch 53: 96.9909
+-------+-------------------+------------------+------------------+------------------------------------+------------------------------------+------------------------------------+------------------------------------+
| Epoch |   training time   |   tesing time    |       Loss       |               recall               |                ndcg                |             precision              |             hit_ratio              |
+-------+-------------------+------------------+------------------+------------------------------------+------------------------------------+------------------------------------+------------------------------------+
|   54  | 246.7248990535736 | 911.884884595871 | 96.6577537059784 | [0.0537707  0.02945294 0.09392725] | [0.02178471 0.01637803 0.02914199] | [0.00181782 0.0022949  0.00165014] | [0.08487591 0.04464702 0.14502628] |
+-------+-------------------+------------------+------------------+------------------------------------+------------------------------------+------------------------------------+------------------------------------+
using time 245.4959, training loss at epoch 55: 96.3638
using time 245.7925, training loss at epoch 56: 95.9806
using time 245.9120, training loss at epoch 57: 95.6015
using time 245.5674, training loss at epoch 58: 95.2886
+-------+--------------------+------------------+-------------------+------------------------------------+------------------------------------+------------------------------------+------------------------------------+
| Epoch |   training time    |   tesing time    |        Loss       |               recall               |                ndcg                |             precision              |             hit_ratio              |
+-------+--------------------+------------------+-------------------+------------------------------------+------------------------------------+------------------------------------+------------------------------------+
|   59  | 245.86973667144775 | 941.822747707367 | 94.99125230312347 | [0.05406138 0.02942491 0.0927588 ] | [0.02133292 0.01591425 0.0284348 ] | [0.00181196 0.00229889 0.0016202 ] | [0.0845166  0.04476678 0.14284384] |
+-------+--------------------+------------------+-------------------+------------------------------------+------------------------------------+------------------------------------+------------------------------------+
using time 245.9297, training loss at epoch 60: 94.6349
using time 246.1997, training loss at epoch 61: 94.3499
using time 246.4417, training loss at epoch 62: 93.9932
using time 245.5525, training loss at epoch 63: 93.7457
+-------+--------------------+-------------------+-------------------+------------------------------------+------------------------------------+------------------------------------+------------------------------------+
| Epoch |   training time    |    tesing time    |        Loss       |               recall               |                ndcg                |             precision              |             hit_ratio              |
+-------+--------------------+-------------------+-------------------+------------------------------------+------------------------------------+------------------------------------+------------------------------------+
|   64  | 245.91364073753357 | 910.2452602386475 | 93.44869315624237 | [0.05578476 0.02970614 0.09226522] | [0.02036459 0.01471901 0.02706794] | [0.00184124 0.00232484 0.00161501] | [0.08631313 0.04520594 0.14263091] |
+-------+--------------------+-------------------+-------------------+------------------------------------+------------------------------------+------------------------------------+------------------------------------+
using time 246.7211, training loss at epoch 65: 93.0809
using time 245.1698, training loss at epoch 66: 92.8053
using time 245.7720, training loss at epoch 67: 92.5361
using time 244.8583, training loss at epoch 68: 92.1815
+-------+-------------------+-------------------+-------------------+------------------------------------+------------------------------------+------------------------------------+------------------------------------+
| Epoch |   training time   |    tesing time    |        Loss       |               recall               |                ndcg                |             precision              |             hit_ratio              |
+-------+-------------------+-------------------+-------------------+------------------------------------+------------------------------------+------------------------------------+------------------------------------+
|   69  | 246.4410011768341 | 929.6407041549683 | 91.91776669025421 | [0.05549534 0.02939124 0.09149607] | [0.01918274 0.0135145  0.02578839] | [0.00183059 0.00230355 0.00160104] | [0.08572759 0.04492648 0.14160623] |
+-------+-------------------+-------------------+-------------------+------------------------------------+------------------------------------+------------------------------------+------------------------------------+
using time 245.6880, training loss at epoch 70: 91.6555
using time 244.6578, training loss at epoch 71: 91.2901
using time 245.0456, training loss at epoch 72: 90.9896
using time 245.9593, training loss at epoch 73: 90.7846
+-------+--------------------+-------------------+-------------------+------------------------------------+------------------------------------+------------------------------------+------------------------------------+
| Epoch |   training time    |    tesing time    |        Loss       |               recall               |                ndcg                |             precision              |             hit_ratio              |
+-------+--------------------+-------------------+-------------------+------------------------------------+------------------------------------+------------------------------------+------------------------------------+
|   74  | 245.52914214134216 | 919.1716079711914 | 90.41380262374878 | [0.0548258  0.02946594 0.08983961] | [0.01855861 0.01301214 0.02500364] | [0.00179999 0.00230621 0.00157802] | [0.08456983 0.04501963 0.13935724] |
+-------+--------------------+-------------------+-------------------+------------------------------------+------------------------------------+------------------------------------+------------------------------------+
early stopping at 74, recall@20:0.0629
